2021-05-20 18:00:04 DEBUG TestBase:48 - Started Executing the browser lanuching setup()
2021-05-20 18:00:04 DEBUG TestBase:49 - fetch the browser value from properties file
2021-05-20 18:00:04 DEBUG TestBase:28 - creae a object for properties
2021-05-20 18:00:04 DEBUG TestBase:30 - read the properties file
2021-05-20 18:00:04 INFO  TestBase:34 - load all the properties
2021-05-20 18:00:04 DEBUG TestBase:54 - setting executing my chrome browser file
2021-05-20 18:00:07 DEBUG TestBase:73 - maximize the window
2021-05-20 18:00:07 DEBUG TestBase:75 - add implicit wait
2021-05-20 18:00:07 DEBUG TestBase:77 - create an object for WebDriverWait explicit wait command
2021-05-20 18:00:07 DEBUG TestBase:79 - open the application url
2021-05-20 18:00:07 DEBUG TestBase:28 - creae a object for properties
2021-05-20 18:00:07 DEBUG TestBase:30 - read the properties file
2021-05-20 18:00:07 INFO  TestBase:34 - load all the properties
2021-05-20 18:00:08 DEBUG BasePageWeb:41 - wait for the element to be clickable or not
2021-05-20 18:00:09 DEBUG BasePageWeb:43 - click on the given element
2021-05-20 18:00:10 DEBUG TestBase:28 - creae a object for properties
2021-05-20 18:00:10 DEBUG TestBase:30 - read the properties file
2021-05-20 18:00:10 INFO  TestBase:34 - load all the properties
2021-05-20 18:00:10 DEBUG TestBase:28 - creae a object for properties
2021-05-20 18:00:10 DEBUG TestBase:30 - read the properties file
2021-05-20 18:00:10 INFO  TestBase:34 - load all the properties
2021-05-20 18:00:10 DEBUG BasePageWeb:41 - wait for the element to be clickable or not
2021-05-20 18:00:10 DEBUG BasePageWeb:43 - click on the given element
2021-05-20 18:00:14 DEBUG ExcelUtils:29 - Specify the path of file :C:\eclipseworkspace\Saitesthybridframeworkxxxx\src\test\java\com\qa\linkedin\data\searchdata.xlsx
2021-05-20 18:00:14 DEBUG ExcelUtils:32 - read the file
2021-05-20 18:00:14 DEBUG ExcelUtils:34 - Load workbook
2021-05-20 18:00:12 DEBUG ExcelUtils:39 - fetch the row count
2021-05-20 18:00:12 DEBUG ExcelUtils:41 - number of rows in the excel sheet is-->4
2021-05-20 18:00:12 DEBUG ExcelUtils:43 - number of columns in the excel sheet is -->1
2021-05-20 18:00:16 DEBUG BasePageWeb:41 - wait for the element to be clickable or not
2021-05-20 18:00:16 DEBUG BasePageWeb:43 - click on the given element
2021-05-20 18:00:18 DEBUG BasePageWeb:56 - wait for the element to be clickable or not
2021-05-20 18:00:18 DEBUG BasePageWeb:59 - click an element using javascript click
2021-05-20 18:00:22 DEBUG BasePageWeb:41 - wait for the element to be clickable or not
2021-05-20 18:00:22 DEBUG BasePageWeb:43 - click on the given element
2021-05-20 18:00:24 DEBUG BasePageWeb:56 - wait for the element to be clickable or not
2021-05-20 18:00:24 DEBUG BasePageWeb:59 - click an element using javascript click
2021-05-20 18:00:29 DEBUG BasePageWeb:41 - wait for the element to be clickable or not
2021-05-20 18:00:29 DEBUG BasePageWeb:43 - click on the given element
2021-05-20 18:00:30 DEBUG BasePageWeb:56 - wait for the element to be clickable or not
2021-05-20 18:00:30 DEBUG BasePageWeb:59 - click an element using javascript click
2021-05-20 18:00:35 DEBUG BasePageWeb:41 - wait for the element to be clickable or not
2021-05-20 18:00:35 DEBUG BasePageWeb:43 - click on the given element
2021-05-20 18:00:37 DEBUG BasePageWeb:56 - wait for the element to be clickable or not
2021-05-20 18:00:37 DEBUG BasePageWeb:59 - click an element using javascript click
2021-05-20 18:00:38 DEBUG BasePageWeb:41 - wait for the element to be clickable or not
2021-05-20 18:00:38 DEBUG BasePageWeb:43 - click on the given element
2021-05-20 18:00:38 DEBUG BasePageWeb:41 - wait for the element to be clickable or not
2021-05-20 18:00:39 DEBUG BasePageWeb:43 - click on the given element
2021-05-20 18:00:39 DEBUG cache:45 - Couldn't find template in cache for "v3html/v3-html-index.ftl"("en", UTF-8, parsed); will try to load it.
2021-05-20 18:00:39 DEBUG cache:45 - TemplateLoader.findTemplateSource("v3html/v3-html-index_en.ftl"): Not found
2021-05-20 18:00:39 DEBUG cache:45 - TemplateLoader.findTemplateSource("v3html/v3-html-index.ftl"): Found
2021-05-20 18:00:39 DEBUG cache:45 - Loading template for "v3html/v3-html-index.ftl"("en", UTF-8, parsed) from "jar:file:/C:/Users/laksh/.m2/repository/com/aventstack/extentreports/4.0.9/extentreports-4.0.9.jar!/com/aventstack/extentreports/view/v3html/v3-html-index.ftl"
2021-05-20 18:00:39 DEBUG cache:45 - Couldn't find template in cache for "v3html/v3-html-head.ftl"("en", UTF-8, parsed); will try to load it.
2021-05-20 18:00:39 DEBUG cache:45 - TemplateLoader.findTemplateSource("v3html/v3-html-head_en.ftl"): Not found
2021-05-20 18:00:39 DEBUG cache:45 - TemplateLoader.findTemplateSource("v3html/v3-html-head.ftl"): Found
2021-05-20 18:00:39 DEBUG cache:45 - Loading template for "v3html/v3-html-head.ftl"("en", UTF-8, parsed) from "jar:file:/C:/Users/laksh/.m2/repository/com/aventstack/extentreports/4.0.9/extentreports-4.0.9.jar!/com/aventstack/extentreports/view/v3html/v3-html-head.ftl"
2021-05-20 18:00:39 DEBUG cache:45 - Couldn't find template in cache for "v3html/v3-html-nav.ftl"("en", UTF-8, parsed); will try to load it.
2021-05-20 18:00:39 DEBUG cache:45 - TemplateLoader.findTemplateSource("v3html/v3-html-nav_en.ftl"): Not found
2021-05-20 18:00:39 DEBUG cache:45 - TemplateLoader.findTemplateSource("v3html/v3-html-nav.ftl"): Found
2021-05-20 18:00:39 DEBUG cache:45 - Loading template for "v3html/v3-html-nav.ftl"("en", UTF-8, parsed) from "jar:file:/C:/Users/laksh/.m2/repository/com/aventstack/extentreports/4.0.9/extentreports-4.0.9.jar!/com/aventstack/extentreports/view/v3html/v3-html-nav.ftl"
2021-05-20 18:00:39 DEBUG cache:45 - Couldn't find template in cache for "v3html/test-view/v3-html-test-view.ftl"("en", UTF-8, parsed); will try to load it.
2021-05-20 18:00:39 DEBUG cache:45 - TemplateLoader.findTemplateSource("v3html/test-view/v3-html-test-view_en.ftl"): Not found
2021-05-20 18:00:39 DEBUG cache:45 - TemplateLoader.findTemplateSource("v3html/test-view/v3-html-test-view.ftl"): Found
2021-05-20 18:00:39 DEBUG cache:45 - Loading template for "v3html/test-view/v3-html-test-view.ftl"("en", UTF-8, parsed) from "jar:file:/C:/Users/laksh/.m2/repository/com/aventstack/extentreports/4.0.9/extentreports-4.0.9.jar!/com/aventstack/extentreports/view/v3html/test-view/v3-html-test-view.ftl"
2021-05-20 18:00:39 DEBUG cache:45 - Couldn't find template in cache for "v3html/test-view/v3-html-test-view-charts.ftl"("en", UTF-8, parsed); will try to load it.
2021-05-20 18:00:39 DEBUG cache:45 - TemplateLoader.findTemplateSource("v3html/test-view/v3-html-test-view-charts_en.ftl"): Not found
2021-05-20 18:00:39 DEBUG cache:45 - TemplateLoader.findTemplateSource("v3html/test-view/v3-html-test-view-charts.ftl"): Found
2021-05-20 18:00:39 DEBUG cache:45 - Loading template for "v3html/test-view/v3-html-test-view-charts.ftl"("en", UTF-8, parsed) from "jar:file:/C:/Users/laksh/.m2/repository/com/aventstack/extentreports/4.0.9/extentreports-4.0.9.jar!/com/aventstack/extentreports/view/v3html/test-view/v3-html-test-view-charts.ftl"
2021-05-20 18:00:39 DEBUG cache:45 - Couldn't find template in cache for "v3html/test-view/v3-html-standard.ftl"("en", UTF-8, parsed); will try to load it.
2021-05-20 18:00:39 DEBUG cache:45 - TemplateLoader.findTemplateSource("v3html/test-view/v3-html-standard_en.ftl"): Not found
2021-05-20 18:00:39 DEBUG cache:45 - TemplateLoader.findTemplateSource("v3html/test-view/v3-html-standard.ftl"): Found
2021-05-20 18:00:39 DEBUG cache:45 - Loading template for "v3html/test-view/v3-html-standard.ftl"("en", UTF-8, parsed) from "jar:file:/C:/Users/laksh/.m2/repository/com/aventstack/extentreports/4.0.9/extentreports-4.0.9.jar!/com/aventstack/extentreports/view/v3html/test-view/v3-html-standard.ftl"
2021-05-20 18:00:39 DEBUG cache:45 - "v3html/test-view/v3-html-standard.ftl"("en", UTF-8, parsed) cached copy not yet stale; using cached.
2021-05-20 18:00:39 DEBUG cache:45 - "v3html/test-view/v3-html-standard.ftl"("en", UTF-8, parsed) cached copy not yet stale; using cached.
2021-05-20 18:00:39 DEBUG cache:45 - "v3html/test-view/v3-html-standard.ftl"("en", UTF-8, parsed) cached copy not yet stale; using cached.
2021-05-20 18:00:39 DEBUG cache:45 - Couldn't find template in cache for "v3html/category-view/v3-html-category-view.ftl"("en", UTF-8, parsed); will try to load it.
2021-05-20 18:00:39 DEBUG cache:45 - TemplateLoader.findTemplateSource("v3html/category-view/v3-html-category-view_en.ftl"): Not found
2021-05-20 18:00:39 DEBUG cache:45 - TemplateLoader.findTemplateSource("v3html/category-view/v3-html-category-view.ftl"): Found
2021-05-20 18:00:39 DEBUG cache:45 - Loading template for "v3html/category-view/v3-html-category-view.ftl"("en", UTF-8, parsed) from "jar:file:/C:/Users/laksh/.m2/repository/com/aventstack/extentreports/4.0.9/extentreports-4.0.9.jar!/com/aventstack/extentreports/view/v3html/category-view/v3-html-category-view.ftl"
2021-05-20 18:00:39 DEBUG cache:45 - Couldn't find template in cache for "v3html/exception-view/v3-html-exception-view.ftl"("en", UTF-8, parsed); will try to load it.
2021-05-20 18:00:39 DEBUG cache:45 - TemplateLoader.findTemplateSource("v3html/exception-view/v3-html-exception-view_en.ftl"): Not found
2021-05-20 18:00:39 DEBUG cache:45 - TemplateLoader.findTemplateSource("v3html/exception-view/v3-html-exception-view.ftl"): Found
2021-05-20 18:00:39 DEBUG cache:45 - Loading template for "v3html/exception-view/v3-html-exception-view.ftl"("en", UTF-8, parsed) from "jar:file:/C:/Users/laksh/.m2/repository/com/aventstack/extentreports/4.0.9/extentreports-4.0.9.jar!/com/aventstack/extentreports/view/v3html/exception-view/v3-html-exception-view.ftl"
2021-05-20 18:00:39 DEBUG cache:45 - Couldn't find template in cache for "v3html/author-view/v3-html-author-view.ftl"("en", UTF-8, parsed); will try to load it.
2021-05-20 18:00:39 DEBUG cache:45 - TemplateLoader.findTemplateSource("v3html/author-view/v3-html-author-view_en.ftl"): Not found
2021-05-20 18:00:39 DEBUG cache:45 - TemplateLoader.findTemplateSource("v3html/author-view/v3-html-author-view.ftl"): Found
2021-05-20 18:00:39 DEBUG cache:45 - Loading template for "v3html/author-view/v3-html-author-view.ftl"("en", UTF-8, parsed) from "jar:file:/C:/Users/laksh/.m2/repository/com/aventstack/extentreports/4.0.9/extentreports-4.0.9.jar!/com/aventstack/extentreports/view/v3html/author-view/v3-html-author-view.ftl"
2021-05-20 18:00:39 DEBUG cache:45 - Couldn't find template in cache for "v3html/dashboard-view/v3-html-dashboard-view.ftl"("en", UTF-8, parsed); will try to load it.
2021-05-20 18:00:39 DEBUG cache:45 - TemplateLoader.findTemplateSource("v3html/dashboard-view/v3-html-dashboard-view_en.ftl"): Not found
2021-05-20 18:00:39 DEBUG cache:45 - TemplateLoader.findTemplateSource("v3html/dashboard-view/v3-html-dashboard-view.ftl"): Found
2021-05-20 18:00:39 DEBUG cache:45 - Loading template for "v3html/dashboard-view/v3-html-dashboard-view.ftl"("en", UTF-8, parsed) from "jar:file:/C:/Users/laksh/.m2/repository/com/aventstack/extentreports/4.0.9/extentreports-4.0.9.jar!/com/aventstack/extentreports/view/v3html/dashboard-view/v3-html-dashboard-view.ftl"
2021-05-20 18:00:39 DEBUG cache:45 - Couldn't find template in cache for "v3html/logs-view/v3-html-testrunner-logs-view.ftl"("en", UTF-8, parsed); will try to load it.
2021-05-20 18:00:39 DEBUG cache:45 - TemplateLoader.findTemplateSource("v3html/logs-view/v3-html-testrunner-logs-view_en.ftl"): Not found
2021-05-20 18:00:39 DEBUG cache:45 - TemplateLoader.findTemplateSource("v3html/logs-view/v3-html-testrunner-logs-view.ftl"): Found
2021-05-20 18:00:39 DEBUG cache:45 - Loading template for "v3html/logs-view/v3-html-testrunner-logs-view.ftl"("en", UTF-8, parsed) from "jar:file:/C:/Users/laksh/.m2/repository/com/aventstack/extentreports/4.0.9/extentreports-4.0.9.jar!/com/aventstack/extentreports/view/v3html/logs-view/v3-html-testrunner-logs-view.ftl"
2021-05-20 18:00:39 DEBUG TestBase:87 - closing the browser
